TLC2 Version 2.19 of 08 August 2024 (rev: 5a47802)
Warning: Please run the Java VM which executes TLC with a throughput optimized garbage collector by passing the "-XX:+UseParallelGC" property.
(Use the -nowarning option to disable this warning.)
Running breadth-first search Model-Checking with fp 7 and seed -6980423228853415417 with 50 workers on 72 cores with 30208MB heap and 64MB offheap memory [pid: 483870] (Linux 6.12.69+deb13-cloud-amd64 amd64, Debian 21.0.10 x86_64, MSBDiskFPSet, DiskStateQueue).
Parsing file /home/alexandre.siret/AccordTLASpec/SpecAccord/RecoveryAndCommitSpec/AccordSpec.tla
Parsing file /tmp/TLC.tla
Parsing file /tmp/Naturals.tla
Parsing file /tmp/Sequences.tla
Parsing file /tmp/FiniteSets.tla
Semantic processing of module Naturals
Semantic processing of module Sequences
Semantic processing of module FiniteSets
Semantic processing of module TLC
Semantic processing of module AccordSpec
Starting... (2026-03-09 15:22:26)
Computing initial states...
Finished computing initial states: 1 distinct state generated at 2026-03-09 15:22:26.
Progress(12) at 2026-03-09 15:22:29: 252,757 states generated (252,757 s/min), 112,475 distinct states found (112,475 ds/min), 80,307 states left on queue.
Progress(15) at 2026-03-09 15:23:29: 9,301,357 states generated (9,048,600 s/min), 3,389,280 distinct states found (3,276,805 ds/min), 2,376,217 states left on queue.
Progress(16) at 2026-03-09 15:24:29: 18,888,601 states generated (9,587,244 s/min), 6,657,880 distinct states found (3,268,600 ds/min), 4,645,538 states left on queue.
Progress(16) at 2026-03-09 15:25:29: 28,600,493 states generated (9,711,892 s/min), 9,934,678 distinct states found (3,276,798 ds/min), 6,924,950 states left on queue.
Error: Invariant Agreement is violated.
Error: The behavior up to this point is:
State 1: <Initial predicate>
/\ phase = <<<<1, 1>>, <<1, 1>>, <<1, 1>>>>
/\ abal = <<<<0, 0>>, <<0, 0>>, <<0, 0>>>>
/\ initTimestamp = <<[id |-> 0, t |-> 0], [id |-> 0, t |-> 0]>>
/\ bal = <<<<0, 0>>, <<0, 0>>, <<0, 0>>>>
/\ postWaitingFlag = <<<<FALSE, FALSE>>, <<FALSE, FALSE>>, <<FALSE, FALSE>>>>
/\ Wvar = <<<<0, 0>>, <<0, 0>>, <<0, 0>>>>
/\ dep = <<<<{}, {}>>, <<{}, {}>>, <<{}, {}>>>>
/\ recoveryAttemptBal = <<<<0, 0>>, <<0, 0>>, <<0, 0>>>>
/\ submitted = {}
/\ cmd = <<<<bottom, bottom>>, <<bottom, bottom>>, <<bottom, bottom>>>>
/\ Dvar = <<<<{}, {}>>, <<{}, {}>>, <<{}, {}>>>>
/\ msgs = {}
/\ ts = << <<[id |-> 0, t |-> 0], [id |-> 0, t |-> 0]>>,
   <<[id |-> 0, t |-> 0], [id |-> 0, t |-> 0]>>,
   <<[id |-> 0, t |-> 0], [id |-> 0, t |-> 0]>> >>
/\ Cvar = <<<<bottom, bottom>>, <<bottom, bottom>>, <<bottom, bottom>>>>
/\ recovered = <<<<0, 0>>, <<0, 0>>, <<0, 0>>>>
/\ initCoord = <<0, 0>>

State 2: <Submit line 223, col 5 to line 239, col 103 of module AccordSpec>
/\ phase = <<<<1, 2>>, <<1, 1>>, <<1, 1>>>>
/\ abal = <<<<0, 0>>, <<0, 0>>, <<0, 0>>>>
/\ initTimestamp = <<[id |-> 0, t |-> 0], [id |-> 2, t |-> 1]>>
/\ bal = <<<<0, 0>>, <<0, 0>>, <<0, 0>>>>
/\ postWaitingFlag = <<<<FALSE, FALSE>>, <<FALSE, FALSE>>, <<FALSE, FALSE>>>>
/\ Wvar = <<<<0, 0>>, <<0, 0>>, <<0, 0>>>>
/\ dep = <<<<{}, {}>>, <<{}, {}>>, <<{}, {}>>>>
/\ recoveryAttemptBal = <<<<0, 0>>, <<0, 0>>, <<0, 0>>>>
/\ submitted = {2}
/\ cmd = <<<<bottom, 2>>, <<bottom, bottom>>, <<bottom, bottom>>>>
/\ Dvar = <<<<{}, {}>>, <<{}, {}>>, <<{}, {}>>>>
/\ msgs = { [type |-> 1, from |-> 1, to |-> 2, body |-> [id |-> 2, c |-> 2]],
  [type |-> 1, from |-> 1, to |-> 3, body |-> [id |-> 2, c |-> 2]],
  [ type |-> 2,
    from |-> 1,
    to |-> 1,
    body |-> [id |-> 2, tq |-> [id |-> 2, t |-> 1], Dq |-> {}] ] }
/\ ts = << <<[id |-> 0, t |-> 0], [id |-> 2, t |-> 1]>>,
   <<[id |-> 0, t |-> 0], [id |-> 0, t |-> 0]>>,
   <<[id |-> 0, t |-> 0], [id |-> 0, t |-> 0]>> >>
/\ Cvar = <<<<bottom, bottom>>, <<bottom, bottom>>, <<bottom, bottom>>>>
/\ recovered = <<<<0, 0>>, <<0, 0>>, <<0, 0>>>>
/\ initCoord = <<0, 1>>

State 3: <Next line 629, col 8 to line 634, col 27 of module AccordSpec>
/\ phase = <<<<1, 2>>, <<1, 1>>, <<1, 2>>>>
/\ abal = <<<<0, 0>>, <<0, 0>>, <<0, 0>>>>
/\ initTimestamp = <<[id |-> 0, t |-> 0], [id |-> 2, t |-> 1]>>
/\ bal = <<<<0, 0>>, <<0, 0>>, <<0, 0>>>>
/\ postWaitingFlag = <<<<FALSE, FALSE>>, <<FALSE, FALSE>>, <<FALSE, FALSE>>>>
/\ Wvar = <<<<0, 0>>, <<0, 0>>, <<0, 0>>>>
/\ dep = <<<<{}, {}>>, <<{}, {}>>, <<{}, {}>>>>
/\ recoveryAttemptBal = <<<<0, 0>>, <<0, 0>>, <<0, 0>>>>
/\ submitted = {2}
/\ cmd = <<<<bottom, 2>>, <<bottom, bottom>>, <<bottom, 2>>>>
/\ Dvar = <<<<{}, {}>>, <<{}, {}>>, <<{}, {}>>>>
/\ msgs = { [type |-> 1, from |-> 1, to |-> 2, body |-> [id |-> 2, c |-> 2]],
  [ type |-> 2,
    from |-> 1,
    to |-> 1,
    body |-> [id |-> 2, tq |-> [id |-> 2, t |-> 1], Dq |-> {}] ],
  [ type |-> 2,
    from |-> 3,
    to |-> 1,
    body |-> [id |-> 2, tq |-> [id |-> 2, t |-> 1], Dq |-> {}] ] }
/\ ts = << <<[id |-> 0, t |-> 0], [id |-> 2, t |-> 1]>>,
   <<[id |-> 0, t |-> 0], [id |-> 0, t |-> 0]>>,
   <<[id |-> 0, t |-> 0], [id |-> 2, t |-> 1]>> >>
/\ Cvar = <<<<bottom, bottom>>, <<bottom, bottom>>, <<bottom, bottom>>>>
/\ recovered = <<<<0, 0>>, <<0, 0>>, <<0, 0>>>>
/\ initCoord = <<0, 1>>

State 4: <Submit line 223, col 5 to line 239, col 103 of module AccordSpec>
/\ phase = <<<<1, 2>>, <<2, 1>>, <<1, 2>>>>
/\ abal = <<<<0, 0>>, <<0, 0>>, <<0, 0>>>>
/\ initTimestamp = <<[id |-> 1, t |-> 1], [id |-> 2, t |-> 1]>>
/\ bal = <<<<0, 0>>, <<0, 0>>, <<0, 0>>>>
/\ postWaitingFlag = <<<<FALSE, FALSE>>, <<FALSE, FALSE>>, <<FALSE, FALSE>>>>
/\ Wvar = <<<<0, 0>>, <<0, 0>>, <<0, 0>>>>
/\ dep = <<<<{}, {}>>, <<{}, {}>>, <<{}, {}>>>>
/\ recoveryAttemptBal = <<<<0, 0>>, <<0, 0>>, <<0, 0>>>>
/\ submitted = {1, 2}
/\ cmd = <<<<bottom, 2>>, <<1, bottom>>, <<bottom, 2>>>>
/\ Dvar = <<<<{}, {}>>, <<{}, {}>>, <<{}, {}>>>>
/\ msgs = { [type |-> 1, from |-> 1, to |-> 2, body |-> [id |-> 2, c |-> 2]],
  [type |-> 1, from |-> 2, to |-> 1, body |-> [id |-> 1, c |-> 1]],
  [type |-> 1, from |-> 2, to |-> 3, body |-> [id |-> 1, c |-> 1]],
  [ type |-> 2,
    from |-> 1,
    to |-> 1,
    body |-> [id |-> 2, tq |-> [id |-> 2, t |-> 1], Dq |-> {}] ],
  [ type |-> 2,
    from |-> 2,
    to |-> 2,
    body |-> [id |-> 1, tq |-> [id |-> 1, t |-> 1], Dq |-> {}] ],
  [ type |-> 2,
    from |-> 3,
    to |-> 1,
    body |-> [id |-> 2, tq |-> [id |-> 2, t |-> 1], Dq |-> {}] ] }
/\ ts = << <<[id |-> 0, t |-> 0], [id |-> 2, t |-> 1]>>,
   <<[id |-> 1, t |-> 1], [id |-> 0, t |-> 0]>>,
   <<[id |-> 0, t |-> 0], [id |-> 2, t |-> 1]>> >>
/\ Cvar = <<<<bottom, bottom>>, <<bottom, bottom>>, <<bottom, bottom>>>>
/\ recovered = <<<<0, 0>>, <<0, 0>>, <<0, 0>>>>
/\ initCoord = <<2, 1>>

State 5: <HandlePreAcceptOK line 271, col 5 to line 300, col 126 of module AccordSpec>
/\ phase = <<<<1, 3>>, <<2, 1>>, <<1, 2>>>>
/\ abal = <<<<0, 0>>, <<0, 0>>, <<0, 0>>>>
/\ initTimestamp = <<[id |-> 1, t |-> 1], [id |-> 2, t |-> 1]>>
/\ bal = <<<<0, 0>>, <<0, 0>>, <<0, 0>>>>
/\ postWaitingFlag = <<<<FALSE, FALSE>>, <<FALSE, FALSE>>, <<FALSE, FALSE>>>>
/\ Wvar = <<<<0, 0>>, <<0, 0>>, <<0, 0>>>>
/\ dep = <<<<{}, {}>>, <<{}, {}>>, <<{}, {}>>>>
/\ recoveryAttemptBal = <<<<0, 0>>, <<0, 0>>, <<0, 0>>>>
/\ submitted = {1, 2}
/\ cmd = <<<<bottom, 2>>, <<1, bottom>>, <<bottom, 2>>>>
/\ Dvar = <<<<{}, {}>>, <<{}, {}>>, <<{}, {}>>>>
/\ msgs = { [type |-> 1, from |-> 1, to |-> 2, body |-> [id |-> 2, c |-> 2]],
  [type |-> 1, from |-> 2, to |-> 1, body |-> [id |-> 1, c |-> 1]],
  [type |-> 1, from |-> 2, to |-> 3, body |-> [id |-> 1, c |-> 1]],
  [ type |-> 2,
    from |-> 2,
    to |-> 2,
    body |-> [id |-> 1, tq |-> [id |-> 1, t |-> 1], Dq |-> {}] ],
  [ type |-> 3,
    from |-> 1,
    to |-> 2,
    body |->
        [b |-> 0, id |-> 2, t |-> [id |-> 2, t |-> 1], c |-> 2, D |-> {}] ],
  [ type |-> 3,
    from |-> 1,
    to |-> 3,
    body |->
        [b |-> 0, id |-> 2, t |-> [id |-> 2, t |-> 1], c |-> 2, D |-> {}] ],
  [type |-> 4, from |-> 1, to |-> 1, body |-> [b |-> 0, id |-> 2, Dq |-> {}]] }
/\ ts = << <<[id |-> 0, t |-> 0], [id |-> 2, t |-> 1]>>,
   <<[id |-> 1, t |-> 1], [id |-> 0, t |-> 0]>>,
   <<[id |-> 0, t |-> 0], [id |-> 2, t |-> 1]>> >>
/\ Cvar = <<<<bottom, bottom>>, <<bottom, bottom>>, <<bottom, bottom>>>>
/\ recovered = <<<<0, 0>>, <<0, 0>>, <<0, 0>>>>
/\ initCoord = <<2, 1>>

State 6: <Next line 629, col 8 to line 634, col 27 of module AccordSpec>
/\ phase = <<<<1, 3>>, <<2, 1>>, <<1, 3>>>>
/\ abal = <<<<0, 0>>, <<0, 0>>, <<0, 0>>>>
/\ initTimestamp = <<[id |-> 1, t |-> 1], [id |-> 2, t |-> 1]>>
/\ bal = <<<<0, 0>>, <<0, 0>>, <<0, 0>>>>
/\ postWaitingFlag = <<<<FALSE, FALSE>>, <<FALSE, FALSE>>, <<FALSE, FALSE>>>>
/\ Wvar = <<<<0, 0>>, <<0, 0>>, <<0, 0>>>>
/\ dep = <<<<{}, {}>>, <<{}, {}>>, <<{}, {}>>>>
/\ recoveryAttemptBal = <<<<0, 0>>, <<0, 0>>, <<0, 0>>>>
/\ submitted = {1, 2}
/\ cmd = <<<<bottom, 2>>, <<1, bottom>>, <<bottom, 2>>>>
/\ Dvar = <<<<{}, {}>>, <<{}, {}>>, <<{}, {}>>>>
/\ msgs = { [type |-> 1, from |-> 1, to |-> 2, body |-> [id |-> 2, c |-> 2]],
  [type |-> 1, from |-> 2, to |-> 1, body |-> [id |-> 1, c |-> 1]],
  [type |-> 1, from |-> 2, to |-> 3, body |-> [id |-> 1, c |-> 1]],
  [ type |-> 2,
    from |-> 2,
    to |-> 2,
    body |-> [id |-> 1, tq |-> [id |-> 1, t |-> 1], Dq |-> {}] ],
  [ type |-> 3,
    from |-> 1,
    to |-> 2,
    body |->
        [b |-> 0, id |-> 2, t |-> [id |-> 2, t |-> 1], c |-> 2, D |-> {}] ],
  [type |-> 4, from |-> 1, to |-> 1, body |-> [b |-> 0, id |-> 2, Dq |-> {}]],
  [type |-> 4, from |-> 3, to |-> 1, body |-> [b |-> 0, id |-> 2, Dq |-> {}]] }
/\ ts = << <<[id |-> 0, t |-> 0], [id |-> 2, t |-> 1]>>,
   <<[id |-> 1, t |-> 1], [id |-> 0, t |-> 0]>>,
   <<[id |-> 0, t |-> 0], [id |-> 2, t |-> 1]>> >>
/\ Cvar = <<<<bottom, bottom>>, <<bottom, bottom>>, <<bottom, bottom>>>>
/\ recovered = <<<<0, 0>>, <<0, 0>>, <<0, 0>>>>
/\ initCoord = <<2, 1>>

State 7: <HandleAcceptOK line 328, col 5 to line 340, col 129 of module AccordSpec>
/\ phase = <<<<1, 4>>, <<2, 1>>, <<1, 3>>>>
/\ abal = <<<<0, 0>>, <<0, 0>>, <<0, 0>>>>
/\ initTimestamp = <<[id |-> 1, t |-> 1], [id |-> 2, t |-> 1]>>
/\ bal = <<<<0, 0>>, <<0, 0>>, <<0, 0>>>>
/\ postWaitingFlag = <<<<FALSE, FALSE>>, <<FALSE, FALSE>>, <<FALSE, FALSE>>>>
/\ Wvar = <<<<0, 0>>, <<0, 0>>, <<0, 0>>>>
/\ dep = <<<<{}, {}>>, <<{}, {}>>, <<{}, {}>>>>
/\ recoveryAttemptBal = <<<<0, 0>>, <<0, 0>>, <<0, 0>>>>
/\ submitted = {1, 2}
/\ cmd = <<<<bottom, 2>>, <<1, bottom>>, <<bottom, 2>>>>
/\ Dvar = <<<<{}, {}>>, <<{}, {}>>, <<{}, {}>>>>
/\ msgs = { [type |-> 1, from |-> 1, to |-> 2, body |-> [id |-> 2, c |-> 2]],
  [type |-> 1, from |-> 2, to |-> 1, body |-> [id |-> 1, c |-> 1]],
  [type |-> 1, from |-> 2, to |-> 3, body |-> [id |-> 1, c |-> 1]],
  [ type |-> 2,
    from |-> 2,
    to |-> 2,
    body |-> [id |-> 1, tq |-> [id |-> 1, t |-> 1], Dq |-> {}] ],
  [ type |-> 3,
    from |-> 1,
    to |-> 2,
    body |->
        [b |-> 0, id |-> 2, t |-> [id |-> 2, t |-> 1], c |-> 2, D |-> {}] ],
  [ type |-> 5,
    from |-> 1,
    to |-> 2,
    body |->
        [ b |-> 0,
          id |-> 2,
          t |-> [id |-> 2, t |-> 1],
          c |-> 2,
          D |-> {},
          phaseq |-> 4 ] ],
  [ type |-> 5,
    from |-> 1,
    to |-> 3,
    body |->
        [ b |-> 0,
          id |-> 2,
          t |-> [id |-> 2, t |-> 1],
          c |-> 2,
          D |-> {},
          phaseq |-> 4 ] ],
  [type |-> 6, from |-> 1, to |-> 1, body |-> [b |-> 0, id |-> 2]] }
/\ ts = << <<[id |-> 0, t |-> 0], [id |-> 2, t |-> 1]>>,
   <<[id |-> 1, t |-> 1], [id |-> 0, t |-> 0]>>,
   <<[id |-> 0, t |-> 0], [id |-> 2, t |-> 1]>> >>
/\ Cvar = <<<<bottom, bottom>>, <<bottom, bottom>>, <<bottom, bottom>>>>
/\ recovered = <<<<0, 0>>, <<0, 0>>, <<0, 0>>>>
/\ initCoord = <<2, 1>>

State 8: <StartRecover line 400, col 5 to line 409, col 126 of module AccordSpec>
/\ phase = <<<<1, 4>>, <<2, 1>>, <<1, 3>>>>
/\ abal = <<<<0, 0>>, <<0, 0>>, <<0, 0>>>>
/\ initTimestamp = <<[id |-> 1, t |-> 1], [id |-> 2, t |-> 1]>>
/\ bal = <<<<0, 0>>, <<0, 0>>, <<0, 0>>>>
/\ postWaitingFlag = <<<<FALSE, FALSE>>, <<FALSE, FALSE>>, <<FALSE, FALSE>>>>
/\ Wvar = <<<<0, 0>>, <<0, 0>>, <<0, 0>>>>
/\ dep = <<<<{}, {}>>, <<{}, {}>>, <<{}, {}>>>>
/\ recoveryAttemptBal = <<<<0, 0>>, <<0, 0>>, <<0, 0>>>>
/\ submitted = {1, 2}
/\ cmd = <<<<bottom, 2>>, <<1, bottom>>, <<bottom, 2>>>>
/\ Dvar = <<<<{}, {}>>, <<{}, {}>>, <<{}, {}>>>>
/\ msgs = { [type |-> 1, from |-> 1, to |-> 2, body |-> [id |-> 2, c |-> 2]],
  [type |-> 1, from |-> 2, to |-> 1, body |-> [id |-> 1, c |-> 1]],
  [type |-> 1, from |-> 2, to |-> 3, body |-> [id |-> 1, c |-> 1]],
  [ type |-> 2,
    from |-> 2,
    to |-> 2,
    body |-> [id |-> 1, tq |-> [id |-> 1, t |-> 1], Dq |-> {}] ],
  [ type |-> 3,
    from |-> 1,
    to |-> 2,
    body |->
        [b |-> 0, id |-> 2, t |-> [id |-> 2, t |-> 1], c |-> 2, D |-> {}] ],
  [ type |-> 5,
    from |-> 1,
    to |-> 2,
    body |->
        [ b |-> 0,
          id |-> 2,
          t |-> [id |-> 2, t |-> 1],
          c |-> 2,
          D |-> {},
          phaseq |-> 4 ] ],
  [ type |-> 5,
    from |-> 1,
    to |-> 3,
    body |->
        [ b |-> 0,
          id |-> 2,
          t |-> [id |-> 2, t |-> 1],
          c |-> 2,
          D |-> {},
          phaseq |-> 4 ] ],
  [type |-> 6, from |-> 1, to |-> 1, body |-> [b |-> 0, id |-> 2]],
  [type |-> 8, from |-> 3, to |-> 1, body |-> [b |-> 3, id |-> 2, c |-> 2]],
  [type |-> 8, from |-> 3, to |-> 2, body |-> [b |-> 3, id |-> 2, c |-> 2]],
  [type |-> 8, from |-> 3, to |-> 3, body |-> [b |-> 3, id |-> 2, c |-> 2]] }
/\ ts = << <<[id |-> 0, t |-> 0], [id |-> 2, t |-> 1]>>,
   <<[id |-> 1, t |-> 1], [id |-> 0, t |-> 0]>>,
   <<[id |-> 0, t |-> 0], [id |-> 2, t |-> 1]>> >>
/\ Cvar = <<<<bottom, bottom>>, <<bottom, bottom>>, <<bottom, bottom>>>>
/\ recovered = <<<<0, 0>>, <<0, 0>>, <<0, 1>>>>
/\ initCoord = <<2, 1>>

State 9: <Next line 629, col 8 to line 634, col 27 of module AccordSpec>
/\ phase = <<<<1, 4>>, <<2, 1>>, <<1, 3>>>>
/\ abal = <<<<0, 0>>, <<0, 0>>, <<0, 0>>>>
/\ initTimestamp = <<[id |-> 1, t |-> 1], [id |-> 2, t |-> 1]>>
/\ bal = <<<<0, 0>>, <<0, 3>>, <<0, 0>>>>
/\ postWaitingFlag = <<<<FALSE, FALSE>>, <<FALSE, FALSE>>, <<FALSE, FALSE>>>>
/\ Wvar = <<<<0, 0>>, <<0, 0>>, <<0, 0>>>>
/\ dep = <<<<{}, {}>>, <<{}, {}>>, <<{}, {}>>>>
/\ recoveryAttemptBal = <<<<0, 0>>, <<0, 0>>, <<0, 0>>>>
/\ submitted = {1, 2}
/\ cmd = <<<<bottom, 2>>, <<1, 2>>, <<bottom, 2>>>>
/\ Dvar = <<<<{}, {}>>, <<{}, {}>>, <<{}, {}>>>>
/\ msgs = { [type |-> 1, from |-> 1, to |-> 2, body |-> [id |-> 2, c |-> 2]],
  [type |-> 1, from |-> 2, to |-> 1, body |-> [id |-> 1, c |-> 1]],
  [type |-> 1, from |-> 2, to |-> 3, body |-> [id |-> 1, c |-> 1]],
  [ type |-> 2,
    from |-> 2,
    to |-> 2,
    body |-> [id |-> 1, tq |-> [id |-> 1, t |-> 1], Dq |-> {}] ],
  [ type |-> 3,
    from |-> 1,
    to |-> 2,
    body |->
        [b |-> 0, id |-> 2, t |-> [id |-> 2, t |-> 1], c |-> 2, D |-> {}] ],
  [ type |-> 5,
    from |-> 1,
    to |-> 2,
    body |->
        [ b |-> 0,
          id |-> 2,
          t |-> [id |-> 2, t |-> 1],
          c |-> 2,
          D |-> {},
          phaseq |-> 4 ] ],
  [ type |-> 5,
    from |-> 1,
    to |-> 3,
    body |->
        [ b |-> 0,
          id |-> 2,
          t |-> [id |-> 2, t |-> 1],
          c |-> 2,
          D |-> {},
          phaseq |-> 4 ] ],
  [type |-> 6, from |-> 1, to |-> 1, body |-> [b |-> 0, id |-> 2]],
  [type |-> 8, from |-> 3, to |-> 1, body |-> [b |-> 3, id |-> 2, c |-> 2]],
  [type |-> 8, from |-> 3, to |-> 3, body |-> [b |-> 3, id |-> 2, c |-> 2]],
  [ type |-> 9,
    from |-> 2,
    to |-> 3,
    body |->
        [ b |-> 3,
          id |-> 2,
          tq |-> [id |-> 0, t |-> 0],
          phaseq |-> 1,
          abalq |-> 0,
          cq |-> bottom,
          depq |-> {1},
          rejectq |-> FALSE,
          Wq |-> {} ] ] }
/\ ts = << <<[id |-> 0, t |-> 0], [id |-> 2, t |-> 1]>>,
   <<[id |-> 1, t |-> 1], [id |-> 0, t |-> 0]>>,
   <<[id |-> 0, t |-> 0], [id |-> 2, t |-> 1]>> >>
/\ Cvar = <<<<bottom, bottom>>, <<bottom, bottom>>, <<bottom, bottom>>>>
/\ recovered = <<<<0, 0>>, <<0, 0>>, <<0, 1>>>>
/\ initCoord = <<2, 1>>

State 10: <Next line 629, col 8 to line 634, col 27 of module AccordSpec>
/\ phase = <<<<1, 4>>, <<2, 1>>, <<1, 3>>>>
/\ abal = <<<<0, 0>>, <<0, 0>>, <<0, 0>>>>
/\ initTimestamp = <<[id |-> 1, t |-> 1], [id |-> 2, t |-> 1]>>
/\ bal = <<<<0, 0>>, <<0, 3>>, <<0, 3>>>>
/\ postWaitingFlag = <<<<FALSE, FALSE>>, <<FALSE, FALSE>>, <<FALSE, FALSE>>>>
/\ Wvar = <<<<0, 0>>, <<0, 0>>, <<0, 0>>>>
/\ dep = <<<<{}, {}>>, <<{}, {}>>, <<{}, {}>>>>
/\ recoveryAttemptBal = <<<<0, 0>>, <<0, 0>>, <<0, 0>>>>
/\ submitted = {1, 2}
/\ cmd = <<<<bottom, 2>>, <<1, 2>>, <<bottom, 2>>>>
/\ Dvar = <<<<{}, {}>>, <<{}, {}>>, <<{}, {}>>>>
/\ msgs = { [type |-> 1, from |-> 1, to |-> 2, body |-> [id |-> 2, c |-> 2]],
  [type |-> 1, from |-> 2, to |-> 1, body |-> [id |-> 1, c |-> 1]],
  [type |-> 1, from |-> 2, to |-> 3, body |-> [id |-> 1, c |-> 1]],
  [ type |-> 2,
    from |-> 2,
    to |-> 2,
    body |-> [id |-> 1, tq |-> [id |-> 1, t |-> 1], Dq |-> {}] ],
  [ type |-> 3,
    from |-> 1,
    to |-> 2,
    body |->
        [b |-> 0, id |-> 2, t |-> [id |-> 2, t |-> 1], c |-> 2, D |-> {}] ],
  [ type |-> 5,
    from |-> 1,
    to |-> 2,
    body |->
        [ b |-> 0,
          id |-> 2,
          t |-> [id |-> 2, t |-> 1],
          c |-> 2,
          D |-> {},
          phaseq |-> 4 ] ],
  [ type |-> 5,
    from |-> 1,
    to |-> 3,
    body |->
        [ b |-> 0,
          id |-> 2,
          t |-> [id |-> 2, t |-> 1],
          c |-> 2,
          D |-> {},
          phaseq |-> 4 ] ],
  [type |-> 6, from |-> 1, to |-> 1, body |-> [b |-> 0, id |-> 2]],
  [type |-> 8, from |-> 3, to |-> 1, body |-> [b |-> 3, id |-> 2, c |-> 2]],
  [ type |-> 9,
    from |-> 2,
    to |-> 3,
    body |->
        [ b |-> 3,
          id |-> 2,
          tq |-> [id |-> 0, t |-> 0],
          phaseq |-> 1,
          abalq |-> 0,
          cq |-> bottom,
          depq |-> {1},
          rejectq |-> FALSE,
          Wq |-> {} ] ],
  [ type |-> 9,
    from |-> 3,
    to |-> 3,
    body |->
        [ b |-> 3,
          id |-> 2,
          tq |-> [id |-> 2, t |-> 1],
          phaseq |-> 3,
          abalq |-> 0,
          cq |-> 2,
          depq |-> {},
          rejectq |-> FALSE,
          Wq |-> {} ] ] }
/\ ts = << <<[id |-> 0, t |-> 0], [id |-> 2, t |-> 1]>>,
   <<[id |-> 1, t |-> 1], [id |-> 0, t |-> 0]>>,
   <<[id |-> 0, t |-> 0], [id |-> 2, t |-> 1]>> >>
/\ Cvar = <<<<bottom, bottom>>, <<bottom, bottom>>, <<bottom, bottom>>>>
/\ recovered = <<<<0, 0>>, <<0, 0>>, <<0, 1>>>>
/\ initCoord = <<2, 1>>

State 11: <HandleRecoverOK line 447, col 5 to line 530, col 68 of module AccordSpec>
/\ phase = <<<<1, 4>>, <<2, 1>>, <<1, 3>>>>
/\ abal = <<<<0, 0>>, <<0, 0>>, <<0, 3>>>>
/\ initTimestamp = <<[id |-> 1, t |-> 1], [id |-> 2, t |-> 1]>>
/\ bal = <<<<0, 0>>, <<0, 3>>, <<0, 3>>>>
/\ postWaitingFlag = <<<<FALSE, FALSE>>, <<FALSE, FALSE>>, <<FALSE, FALSE>>>>
/\ Wvar = <<<<0, 0>>, <<0, 0>>, <<0, 0>>>>
/\ dep = <<<<{}, {}>>, <<{}, {}>>, <<{}, {}>>>>
/\ recoveryAttemptBal = <<<<0, 0>>, <<0, 0>>, <<0, 0>>>>
/\ submitted = {1, 2}
/\ cmd = <<<<bottom, 2>>, <<1, 2>>, <<bottom, 2>>>>
/\ Dvar = <<<<{}, {}>>, <<{}, {}>>, <<{}, {}>>>>
/\ msgs = { [type |-> 1, from |-> 1, to |-> 2, body |-> [id |-> 2, c |-> 2]],
  [type |-> 1, from |-> 2, to |-> 1, body |-> [id |-> 1, c |-> 1]],
  [type |-> 1, from |-> 2, to |-> 3, body |-> [id |-> 1, c |-> 1]],
  [ type |-> 2,
    from |-> 2,
    to |-> 2,
    body |-> [id |-> 1, tq |-> [id |-> 1, t |-> 1], Dq |-> {}] ],
  [ type |-> 3,
    from |-> 1,
    to |-> 2,
    body |->
        [b |-> 0, id |-> 2, t |-> [id |-> 2, t |-> 1], c |-> 2, D |-> {}] ],
  [ type |-> 3,
    from |-> 3,
    to |-> 1,
    body |->
        [b |-> 3, id |-> 2, t |-> [id |-> 2, t |-> 1], c |-> 2, D |-> {}] ],
  [ type |-> 3,
    from |-> 3,
    to |-> 2,
    body |->
        [b |-> 3, id |-> 2, t |-> [id |-> 2, t |-> 1], c |-> 2, D |-> {}] ],
  [type |-> 4, from |-> 3, to |-> 3, body |-> [b |-> 3, id |-> 2, Dq |-> {}]],
  [ type |-> 5,
    from |-> 1,
    to |-> 2,
    body |->
        [ b |-> 0,
          id |-> 2,
          t |-> [id |-> 2, t |-> 1],
          c |-> 2,
          D |-> {},
          phaseq |-> 4 ] ],
  [ type |-> 5,
    from |-> 1,
    to |-> 3,
    body |->
        [ b |-> 0,
          id |-> 2,
          t |-> [id |-> 2, t |-> 1],
          c |-> 2,
          D |-> {},
          phaseq |-> 4 ] ],
  [type |-> 6, from |-> 1, to |-> 1, body |-> [b |-> 0, id |-> 2]],
  [type |-> 8, from |-> 3, to |-> 1, body |-> [b |-> 3, id |-> 2, c |-> 2]] }
/\ ts = << <<[id |-> 0, t |-> 0], [id |-> 2, t |-> 1]>>,
   <<[id |-> 1, t |-> 1], [id |-> 0, t |-> 0]>>,
   <<[id |-> 0, t |-> 0], [id |-> 2, t |-> 1]>> >>
/\ Cvar = <<<<bottom, bottom>>, <<bottom, bottom>>, <<bottom, bottom>>>>
/\ recovered = <<<<0, 0>>, <<0, 0>>, <<0, 1>>>>
/\ initCoord = <<2, 1>>

State 12: <Next line 629, col 8 to line 634, col 27 of module AccordSpec>
/\ phase = <<<<1, 4>>, <<2, 3>>, <<1, 3>>>>
/\ abal = <<<<0, 0>>, <<0, 3>>, <<0, 3>>>>
/\ initTimestamp = <<[id |-> 1, t |-> 1], [id |-> 2, t |-> 1]>>
/\ bal = <<<<0, 0>>, <<0, 3>>, <<0, 3>>>>
/\ postWaitingFlag = <<<<FALSE, FALSE>>, <<FALSE, FALSE>>, <<FALSE, FALSE>>>>
/\ Wvar = <<<<0, 0>>, <<0, 0>>, <<0, 0>>>>
/\ dep = <<<<{}, {}>>, <<{}, {}>>, <<{}, {}>>>>
/\ recoveryAttemptBal = <<<<0, 0>>, <<0, 0>>, <<0, 0>>>>
/\ submitted = {1, 2}
/\ cmd = <<<<bottom, 2>>, <<1, 2>>, <<bottom, 2>>>>
/\ Dvar = <<<<{}, {}>>, <<{}, {}>>, <<{}, {}>>>>
/\ msgs = { [type |-> 1, from |-> 1, to |-> 2, body |-> [id |-> 2, c |-> 2]],
  [type |-> 1, from |-> 2, to |-> 1, body |-> [id |-> 1, c |-> 1]],
  [type |-> 1, from |-> 2, to |-> 3, body |-> [id |-> 1, c |-> 1]],
  [ type |-> 2,
    from |-> 2,
    to |-> 2,
    body |-> [id |-> 1, tq |-> [id |-> 1, t |-> 1], Dq |-> {}] ],
  [ type |-> 3,
    from |-> 1,
    to |-> 2,
    body |->
        [b |-> 0, id |-> 2, t |-> [id |-> 2, t |-> 1], c |-> 2, D |-> {}] ],
  [ type |-> 3,
    from |-> 3,
    to |-> 1,
    body |->
        [b |-> 3, id |-> 2, t |-> [id |-> 2, t |-> 1], c |-> 2, D |-> {}] ],
  [type |-> 4, from |-> 2, to |-> 3, body |-> [b |-> 3, id |-> 2, Dq |-> {1}]],
  [type |-> 4, from |-> 3, to |-> 3, body |-> [b |-> 3, id |-> 2, Dq |-> {}]],
  [ type |-> 5,
    from |-> 1,
    to |-> 2,
    body |->
        [ b |-> 0,
          id |-> 2,
          t |-> [id |-> 2, t |-> 1],
          c |-> 2,
          D |-> {},
          phaseq |-> 4 ] ],
  [ type |-> 5,
    from |-> 1,
    to |-> 3,
    body |->
        [ b |-> 0,
          id |-> 2,
          t |-> [id |-> 2, t |-> 1],
          c |-> 2,
          D |-> {},
          phaseq |-> 4 ] ],
  [type |-> 6, from |-> 1, to |-> 1, body |-> [b |-> 0, id |-> 2]],
  [type |-> 8, from |-> 3, to |-> 1, body |-> [b |-> 3, id |-> 2, c |-> 2]] }
/\ ts = << <<[id |-> 0, t |-> 0], [id |-> 2, t |-> 1]>>,
   <<[id |-> 1, t |-> 1], [id |-> 2, t |-> 1]>>,
   <<[id |-> 0, t |-> 0], [id |-> 2, t |-> 1]>> >>
/\ Cvar = <<<<bottom, bottom>>, <<bottom, bottom>>, <<bottom, bottom>>>>
/\ recovered = <<<<0, 0>>, <<0, 0>>, <<0, 1>>>>
/\ initCoord = <<2, 1>>

State 13: <HandleAcceptOK line 328, col 5 to line 340, col 129 of module AccordSpec>
/\ phase = <<<<1, 4>>, <<2, 3>>, <<1, 4>>>>
/\ abal = <<<<0, 0>>, <<0, 3>>, <<0, 3>>>>
/\ initTimestamp = <<[id |-> 1, t |-> 1], [id |-> 2, t |-> 1]>>
/\ bal = <<<<0, 0>>, <<0, 3>>, <<0, 3>>>>
/\ postWaitingFlag = <<<<FALSE, FALSE>>, <<FALSE, FALSE>>, <<FALSE, FALSE>>>>
/\ Wvar = <<<<0, 0>>, <<0, 0>>, <<0, 0>>>>
/\ dep = <<<<{}, {}>>, <<{}, {}>>, <<{}, {1}>>>>
/\ recoveryAttemptBal = <<<<0, 0>>, <<0, 0>>, <<0, 0>>>>
/\ submitted = {1, 2}
/\ cmd = <<<<bottom, 2>>, <<1, 2>>, <<bottom, 2>>>>
/\ Dvar = <<<<{}, {}>>, <<{}, {}>>, <<{}, {}>>>>
/\ msgs = { [type |-> 1, from |-> 1, to |-> 2, body |-> [id |-> 2, c |-> 2]],
  [type |-> 1, from |-> 2, to |-> 1, body |-> [id |-> 1, c |-> 1]],
  [type |-> 1, from |-> 2, to |-> 3, body |-> [id |-> 1, c |-> 1]],
  [ type |-> 2,
    from |-> 2,
    to |-> 2,
    body |-> [id |-> 1, tq |-> [id |-> 1, t |-> 1], Dq |-> {}] ],
  [ type |-> 3,
    from |-> 1,
    to |-> 2,
    body |->
        [b |-> 0, id |-> 2, t |-> [id |-> 2, t |-> 1], c |-> 2, D |-> {}] ],
  [ type |-> 3,
    from |-> 3,
    to |-> 1,
    body |->
        [b |-> 3, id |-> 2, t |-> [id |-> 2, t |-> 1], c |-> 2, D |-> {}] ],
  [ type |-> 5,
    from |-> 1,
    to |-> 2,
    body |->
        [ b |-> 0,
          id |-> 2,
          t |-> [id |-> 2, t |-> 1],
          c |-> 2,
          D |-> {},
          phaseq |-> 4 ] ],
  [ type |-> 5,
    from |-> 1,
    to |-> 3,
    body |->
        [ b |-> 0,
          id |-> 2,
          t |-> [id |-> 2, t |-> 1],
          c |-> 2,
          D |-> {},
          phaseq |-> 4 ] ],
  [ type |-> 5,
    from |-> 3,
    to |-> 1,
    body |->
        [ b |-> 3,
          id |-> 2,
          t |-> [id |-> 2, t |-> 1],
          c |-> 2,
          D |-> {1},
          phaseq |-> 4 ] ],
  [ type |-> 5,
    from |-> 3,
    to |-> 2,
    body |->
        [ b |-> 3,
          id |-> 2,
          t |-> [id |-> 2, t |-> 1],
          c |-> 2,
          D |-> {1},
          phaseq |-> 4 ] ],
  [type |-> 6, from |-> 1, to |-> 1, body |-> [b |-> 0, id |-> 2]],
  [type |-> 6, from |-> 3, to |-> 3, body |-> [b |-> 3, id |-> 2]],
  [type |-> 8, from |-> 3, to |-> 1, body |-> [b |-> 3, id |-> 2, c |-> 2]] }
/\ ts = << <<[id |-> 0, t |-> 0], [id |-> 2, t |-> 1]>>,
   <<[id |-> 1, t |-> 1], [id |-> 2, t |-> 1]>>,
   <<[id |-> 0, t |-> 0], [id |-> 2, t |-> 1]>> >>
/\ Cvar = <<<<bottom, bottom>>, <<bottom, bottom>>, <<bottom, bottom>>>>
/\ recovered = <<<<0, 0>>, <<0, 0>>, <<0, 1>>>>
/\ initCoord = <<2, 1>>

31439682 states generated, 10876809 distinct states found, 7577745 states left on queue.
The depth of the complete state graph search is 16.
The average outdegree of the complete state graph is 3 (minimum is 0, the maximum 14 and the 95th percentile is 6).
Finished in 03min 23s at (2026-03-09 15:25:49)
